<?xml version="1.0" encoding="UTF-8"?>
<!-- Generated by org.testng.reporters.JUnitReportReporter -->
<testsuite hostname="DESKTOP-1UVLBD0" failures="0" tests="1" name="SForceTestCases.SetUp" time="25.013" errors="0" timestamp="2019-12-04T10:07:51 PST" skipped="0">
  <testcase classname="SForceTestCases.SetUp" name="setUpBrowser" time="25.013"/>
</testsuite> <!-- SForceTestCases.SetUp -->
