<?xml version="1.0" encoding="UTF-8"?>
<!-- Generated by org.testng.reporters.JUnitReportReporter -->
<testsuite hostname="DESKTOP-1UVLBD0" failures="0" tests="7" name="SForceTestCases.SetUp" time="23.131" errors="0" timestamp="2019-12-05T22:41:03 PST" skipped="6">
  <testcase classname="SForceTestCases.SetUp" name="AccountName_CreateAccount_TC10" time="23.131"/>
  <testcase classname="SForceTestCases.SetUp" name="setUpBrowser">
    <skipped/>
  </testcase> <!-- setUpBrowser -->
  <testcase classname="SForceTestCases.SetUp" name="MySettingsUserMenuDropDown_TC8">
    <skipped/>
  </testcase> <!-- MySettingsUserMenuDropDown_TC8 -->
  <testcase classname="SForceTestCases.SetUp" name="MySettingsUserMenuDropDown_TC7">
    <skipped/>
  </testcase> <!-- MySettingsUserMenuDropDown_TC7 -->
  <testcase classname="SForceTestCases.SetUp" name="LogOutUserMenuDropDown_TC9">
    <skipped/>
  </testcase> <!-- LogOutUserMenuDropDown_TC9 -->
  <testcase classname="SForceTestCases.SetUp" name="NewViewCreateAccount_TC11">
    <skipped/>
  </testcase> <!-- NewViewCreateAccount_TC11 -->
  <testcase classname="SForceTestCases.SetUp" name="MyProfileUserMenuDropDown_TC6">
    <skipped/>
  </testcase> <!-- MyProfileUserMenuDropDown_TC6 -->
</testsuite> <!-- SForceTestCases.SetUp -->
